<?xml version="1.0" encoding="UTF-8" standalone="no"?><testsuite errors="1" failures="0" name="Login to HRM" skipped="0" tests="1" time="9.3" timestamp="2023-03-15 11:02:26"><testcase name="Login with valid credentials"><error message="WebDriver was unable to create a new instance of type class org.openqa.selenium.chrome.ChromeDriver&#13;&#10;WebDriver reported the following message: Unable to establish websocket connection to http://localhost:61033/devtools/browser/d5beb030-c969-4e75-b8ca-4b651bc8926c&#10;Build info: version: '4.8.0', revision: '267030adea'&#10;System info: os.name: 'Windows 10', os.arch: 'amd64', os.version: '10.0', java.version: '11.0.18'&#10;Driver info: driver.version: ChromeDriver&#13;&#10;See below for more details." type="net.thucydides.core.webdriver.DriverConfigurationError">WebDriver was unable to create a new instance of type class org.openqa.selenium.chrome.ChromeDriver&#13;
WebDriver reported the following message: Unable to establish websocket connection to http://localhost:61033/devtools/browser/d5beb030-c969-4e75-b8ca-4b651bc8926c
Build info: version: '4.8.0', revision: '267030adea'
System info: os.name: 'Windows 10', os.arch: 'amd64', os.version: '10.0', java.version: '11.0.18'
Driver info: driver.version: ChromeDriver&#13;
See below for more details.</error><system-err>WebDriver was unable to create a new instance of type class org.openqa.selenium.chrome.ChromeDriver&#13;
WebDriver reported the following message: Unable to establish websocket connection to http://localhost:61033/devtools/browser/d5beb030-c969-4e75-b8ca-4b651bc8926c
Build info: version: '4.8.0', revision: '267030adea'
System info: os.name: 'Windows 10', os.arch: 'amd64', os.version: '10.0', java.version: '11.0.18'
Driver info: driver.version: ChromeDriver&#13;
See below for more details.&#13;
StepDef.StepDefination.openApplication(StepDefination.java:16)&#13;
io.cucumber.java.Invoker.doInvoke(Invoker.java:66)&#13;
io.cucumber.java.Invoker.invoke(Invoker.java:24)&#13;
io.cucumber.java.AbstractGlueDefinition.invokeMethod(AbstractGlueDefinition.java:47)&#13;
io.cucumber.java.JavaStepDefinition.execute(JavaStepDefinition.java:29)&#13;
io.cucumber.core.runner.CoreStepDefinition.execute(CoreStepDefinition.java:66)&#13;
io.cucumber.core.runner.PickleStepDefinitionMatch.runStep(PickleStepDefinitionMatch.java:63)&#13;
io.cucumber.core.runner.TestStep.executeStep(TestStep.java:84)&#13;
io.cucumber.core.runner.TestStep.run(TestStep.java:56)&#13;
io.cucumber.core.runner.PickleStepTestStep.run(PickleStepTestStep.java:51)&#13;
io.cucumber.core.runner.TestCase.run(TestCase.java:84)&#13;
io.cucumber.core.runner.Runner.runPickle(Runner.java:75)&#13;
io.cucumber.core.runtime.CucumberExecutionContext.lambda$runTestCase$5(CucumberExecutionContext.java:130)&#13;
io.cucumber.core.runtime.RethrowingThrowableCollector.executeAndThrow(RethrowingThrowableCollector.java:23)&#13;
io.cucumber.core.runtime.CucumberExecutionContext.runTestCase(CucumberExecutionContext.java:130)&#13;
io.cucumber.junit.FeatureRunner.runChild(FeatureRunner.java:144)&#13;
io.cucumber.junit.FeatureRunner.runChild(FeatureRunner.java:28)&#13;
io.cucumber.junit.FeatureRunner.run(FeatureRunner.java:137)&#13;
io.cucumber.junit.CucumberSerenityRunner.runChild(CucumberSerenityRunner.java:259)&#13;
io.cucumber.junit.CucumberSerenityRunner.runChild(CucumberSerenityRunner.java:59)&#13;
</system-err></testcase></testsuite>